<?xml version="1.0" encoding="UTF-8"?>
<testng-results skipped="0" failed="0" total="1" passed="1">
  <reporter-output>
  </reporter-output>
  <suite name="Default suite" duration-ms="65727" started-at="2019-09-22T06:43:47Z" finished-at="2019-09-22T06:44:53Z">
    <groups>
    </groups>
    <test name="Default test" duration-ms="65727" started-at="2019-09-22T06:43:47Z" finished-at="2019-09-22T06:44:53Z">
      <class name="MyJenkinsTest.MyJenkinsTest">
        <test-method status="PASS" signature="getTitle()[pri:0, instance:MyJenkinsTest.MyJenkinsTest@614c5515]" name="getTitle" duration-ms="65705" started-at="2019-09-22T12:13:47Z" finished-at="2019-09-22T12:14:53Z">
          <reporter-output>
          </reporter-output>
        </test-method> <!-- getTitle -->
      </class> <!-- MyJenkinsTest.MyJenkinsTest -->
    </test> <!-- Default test -->
  </suite> <!-- Default suite -->
</testng-results>
