<?xml version="1.0" encoding="UTF-8"?>
<testng-results skipped="0" failed="0" total="1" passed="1">
  <reporter-output>
  </reporter-output>
  <suite name="Default suite" duration-ms="35394" started-at="2019-09-21T07:30:24Z" finished-at="2019-09-21T07:30:59Z">
    <groups>
    </groups>
    <test name="Default test" duration-ms="35394" started-at="2019-09-21T07:30:24Z" finished-at="2019-09-21T07:30:59Z">
      <class name="MyJenkinsTest.MyJenkinsTest">
        <test-method status="PASS" signature="getTitle()[pri:0, instance:MyJenkinsTest.MyJenkinsTest@28d25987]" name="getTitle" duration-ms="35364" started-at="2019-09-21T13:00:24Z" finished-at="2019-09-21T13:00:59Z">
          <reporter-output>
          </reporter-output>
        </test-method> <!-- getTitle -->
      </class> <!-- MyJenkinsTest.MyJenkinsTest -->
    </test> <!-- Default test -->
  </suite> <!-- Default suite -->
</testng-results>
